2026-01-20 11:56:50,369 INFO [temp_piano4_fourpieces_page3]                 Book.java:562  | 1 sheet in /Users/hannahhughes30/PianoToolProject/data/omr_output/temp_piano4_fourpieces_page3.png
2026-01-20 11:56:50,432 INFO []                 Book.java:2531 | Stored /book.xml
2026-01-20 11:56:50,432 INFO []                 Book.java:2491 | Book stored as data/omr_output/piano4_fourpieces_page3/temp_piano4_fourpieces_page3.omr
2026-01-20 11:56:50,434 INFO []                 Book.java:1933 | Book reaching PAGE on sheets:[#1]
2026-01-20 11:56:50,434 INFO [temp_piano4_fourpieces_page3]       StepMonitoring.java:98   | LOAD
2026-01-20 11:56:50,567 INFO [temp_piano4_fourpieces_page3]            SheetStub.java:1273 | Loaded image #1 3000x3660 from /Users/hannahhughes30/PianoToolProject/data/omr_output/temp_piano4_fourpieces_page3.png
2026-01-20 11:56:50,568 INFO [temp_piano4_fourpieces_page3]            ImageUtil.java:124  | Converting max RGB to gray
2026-01-20 11:56:50,730 INFO [temp_piano4_fourpieces_page3]       StepMonitoring.java:98   | BINARY
2026-01-20 11:56:51,037 INFO [temp_piano4_fourpieces_page3]       StepMonitoring.java:98   | SCALE
2026-01-20 11:56:51,053 INFO [temp_piano4_fourpieces_page3]         ScaleBuilder.java:241  | Beam  guessed height: 11 -- 0.50 of 22 interline
2026-01-20 11:56:51,054 INFO [temp_piano4_fourpieces_page3]         ScaleBuilder.java:264  | Beam measured height: 15 -- 0.53 of [7..22] range at 79% of needed quorum
2026-01-20 11:56:51,054 WARN [temp_piano4_fourpieces_page3]         ScaleBuilder.java:293  | No reliable beam height found, guessed value: 11
2026-01-20 11:56:51,054 INFO [temp_piano4_fourpieces_page3]            ScaleStep.java:65   | Scale{ interline(20,22,23) line(3,5,7) beam(11 extra)}
2026-01-20 11:56:51,055 INFO [temp_piano4_fourpieces_page3]       StepMonitoring.java:98   | GRID
2026-01-20 11:56:52,310 INFO [temp_piano4_fourpieces_page3]       LinesRetriever.java:1500 | Global slope: -0.00305
2026-01-20 11:56:52,356 INFO [temp_piano4_fourpieces_page3]    ClustersRetriever.java:328  | Retrieved raw line clusters: 10 of sizes [5] with interline(20,22,23)
2026-01-20 11:56:52,580 INFO [temp_piano4_fourpieces_page3]            PeakGraph.java:310  | Systems: #1[1, 2] #2[3, 4] #3[5, 6] #4[7, 8] #5[9, 10]
2026-01-20 11:56:53,136 INFO [temp_piano4_fourpieces_page3]        SystemManager.java:779  | 1 part along 5 systems
2026-01-20 11:56:53,136 INFO [temp_piano4_fourpieces_page3]                 Book.java:545  | Created scores: [{Score 1}]
2026-01-20 11:56:53,136 INFO [temp_piano4_fourpieces_page3]       StepMonitoring.java:98   | HEADERS
2026-01-20 11:56:53,282 INFO [temp_piano4_fourpieces_page3]      BasicClassifier.java:277  | Classifier loaded XML norms.
2026-01-20 11:56:53,284 INFO [temp_piano4_fourpieces_page3]   AbstractClassifier.java:396  | Classifier data loaded from default uri jar:file:/Applications/Audiveris.app/Contents/app/audiveris.jar!/res/basic-classifier.zip
2026-01-20 11:56:53,799 INFO [temp_piano4_fourpieces_page3]       StepMonitoring.java:98   | STEM_SEEDS
2026-01-20 11:56:53,853 INFO [temp_piano4_fourpieces_page3]           StemScaler.java:143  | No stem peak found, computing defaults
2026-01-20 11:56:53,854 INFO [temp_piano4_fourpieces_page3]        StemSeedsStep.java:86   | stem(5 max:7)
2026-01-20 11:56:53,897 INFO [temp_piano4_fourpieces_page3]       StepMonitoring.java:98   | BEAMS
2026-01-20 11:56:56,811 INFO [temp_piano4_fourpieces_page3]       StepMonitoring.java:98   | LEDGERS
2026-01-20 11:56:57,087 INFO [temp_piano4_fourpieces_page3]       StepMonitoring.java:98   | HEADS
2026-01-20 11:57:01,497 INFO [temp_piano4_fourpieces_page3]        HeadSeedTally.java:235  | Scale information: HeadSeeds{NOTEHEAD_VOID[L:0.3] NOTEHEAD_BLACK[L:-0.8,R:-0.9]}
2026-01-20 11:57:01,497 INFO [temp_piano4_fourpieces_page3]       StepMonitoring.java:98   | STEMS
2026-01-20 11:57:02,071 INFO [temp_piano4_fourpieces_page3]       StepMonitoring.java:98   | REDUCTION
2026-01-20 11:57:02,142 INFO [temp_piano4_fourpieces_page3]        ReductionStep.java:105  | Stems free length median value: 79 pixels, 3.6 interlines
2026-01-20 11:57:02,145 INFO [temp_piano4_fourpieces_page3]       StepMonitoring.java:98   | CUE_BEAMS
2026-01-20 11:57:02,145 INFO [temp_piano4_fourpieces_page3]         CueBeamsStep.java:81   | Step CUE_BEAMS is skipped because small heads switch is off
2026-01-20 11:57:02,145 INFO [temp_piano4_fourpieces_page3]       StepMonitoring.java:98   | TEXTS
2026-01-20 11:57:02,284 WARN [temp_piano4_fourpieces_page3]         TesseractOCR.java:335  | The collection of supported languages is empty
2026-01-20 11:57:02,284 INFO [temp_piano4_fourpieces_page3]              OcrUtil.java:106  | Missing support for 'eng' language(s)
2026-01-20 11:57:02,291 INFO [temp_piano4_fourpieces_page3]       StepMonitoring.java:98   | MEASURES
2026-01-20 11:57:02,297 INFO [temp_piano4_fourpieces_page3]                 Page.java:307  | 20 raw measures: [4 in system#1, 4 in system#2, 4 in system#3, 4 in system#4, 4 in system#5]
2026-01-20 11:57:02,298 INFO [temp_piano4_fourpieces_page3]       StepMonitoring.java:98   | CHORDS
2026-01-20 11:57:02,307 INFO [temp_piano4_fourpieces_page3]       StepMonitoring.java:98   | CURVES
2026-01-20 11:57:03,763 INFO [temp_piano4_fourpieces_page3]         SlursBuilder.java:240  | Slurs: 24
2026-01-20 11:57:03,793 INFO [temp_piano4_fourpieces_page3]      SegmentsBuilder.java:155  | Segments: 19
2026-01-20 11:57:03,797 INFO [temp_piano4_fourpieces_page3]       StepMonitoring.java:98   | SYMBOLS
2026-01-20 11:57:04,392 INFO [temp_piano4_fourpieces_page3]       StepMonitoring.java:98   | LINKS
2026-01-20 11:57:04,415 INFO [temp_piano4_fourpieces_page3]        SymbolsLinker.java:257  | No chord linked to OctaveShiftInter#5977{(0.236) staff:8 OTTAVA ALTA}
2026-01-20 11:57:04,421 INFO [temp_piano4_fourpieces_page3]       StepMonitoring.java:98   | RHYTHMS
2026-01-20 11:57:04,449 INFO [temp_piano4_fourpieces_page3]       StepMonitoring.java:98   | PAGE
2026-01-20 11:57:04,452 WARN [temp_piano4_fourpieces_page3]         MeasureFixer.java:343  | System#1 No target duration for measures local IDs [1, 2, 3, 4], please check time signatures
2026-01-20 11:57:04,452 WARN [temp_piano4_fourpieces_page3]         MeasureFixer.java:343  | System#2 No target duration for measures local IDs [5, 6, 7, 8], please check time signatures
2026-01-20 11:57:04,452 WARN [temp_piano4_fourpieces_page3]         MeasureFixer.java:343  | System#3 No target duration for measures local IDs [9, 10, 11, 12], please check time signatures
2026-01-20 11:57:04,452 WARN [temp_piano4_fourpieces_page3]         MeasureFixer.java:343  | System#4 No target duration for measures local IDs [13, 14, 15, 16], please check time signatures
2026-01-20 11:57:04,452 WARN [temp_piano4_fourpieces_page3]         MeasureFixer.java:343  | System#5 No target duration for measures local IDs [17, 18, 19, 20], please check time signatures
2026-01-20 11:57:04,453 INFO [temp_piano4_fourpieces_page3]                 Book.java:2550 | Book{temp_piano4_fourpieces_page3} storing
2026-01-20 11:57:04,505 INFO [temp_piano4_fourpieces_page3]                 Book.java:2531 | Stored /book.xml
2026-01-20 11:57:04,619 INFO [temp_piano4_fourpieces_page3]           DataHolder.java:348  | Stored /sheet#1/BINARY.png
2026-01-20 11:57:05,256 INFO [temp_piano4_fourpieces_page3]                Sheet.java:1583 | Stored /sheet#1/sheet#1.xml
2026-01-20 11:57:05,256 INFO [temp_piano4_fourpieces_page3]                 Book.java:2491 | Book stored as data/omr_output/piano4_fourpieces_page3/temp_piano4_fourpieces_page3.omr
2026-01-20 11:57:05,257 INFO [temp_piano4_fourpieces_page3]            SheetStub.java:1660 | Disposed sheet
2026-01-20 11:57:05,288 INFO [temp_piano4_fourpieces_page3]                 Book.java:2018 | End of Stub#1 memory: 30,865,336
2026-01-20 11:57:05,288 INFO [temp_piano4_fourpieces_page3]                 Book.java:2025 | Book processed.
2026-01-20 11:57:05,554 INFO [temp_piano4_fourpieces_page3]            SheetStub.java:997  | Loaded /sheet#1/sheet#1.xml
2026-01-20 11:57:05,738 INFO [temp_piano4_fourpieces_page3]      PartwiseBuilder.java:2661 | Exporting sheet(s): [#1]
2026-01-20 11:57:05,783 INFO [temp_piano4_fourpieces_page3]        ScoreExporter.java:164  | Score temp_piano4_fourpieces_page3 exported to data/omr_output/piano4_fourpieces_page3/temp_piano4_fourpieces_page3.mxl
2026-01-20 11:57:05,811 INFO [temp_piano4_fourpieces_page3]                Score.java:181  | Closing {Score 1}
