2026-01-20 11:57:07,327 INFO [temp_piano4_fourpieces_page4]                 Book.java:562  | 1 sheet in /Users/hannahhughes30/PianoToolProject/data/omr_output/temp_piano4_fourpieces_page4.png
2026-01-20 11:57:07,391 INFO []                 Book.java:2531 | Stored /book.xml
2026-01-20 11:57:07,392 INFO []                 Book.java:2491 | Book stored as data/omr_output/piano4_fourpieces_page4/temp_piano4_fourpieces_page4.omr
2026-01-20 11:57:07,393 INFO []                 Book.java:1933 | Book reaching PAGE on sheets:[#1]
2026-01-20 11:57:07,394 INFO [temp_piano4_fourpieces_page4]       StepMonitoring.java:98   | LOAD
2026-01-20 11:57:07,540 INFO [temp_piano4_fourpieces_page4]            SheetStub.java:1273 | Loaded image #1 3000x3660 from /Users/hannahhughes30/PianoToolProject/data/omr_output/temp_piano4_fourpieces_page4.png
2026-01-20 11:57:07,542 INFO [temp_piano4_fourpieces_page4]            ImageUtil.java:124  | Converting max RGB to gray
2026-01-20 11:57:07,714 INFO [temp_piano4_fourpieces_page4]       StepMonitoring.java:98   | BINARY
2026-01-20 11:57:08,042 INFO [temp_piano4_fourpieces_page4]       StepMonitoring.java:98   | SCALE
2026-01-20 11:57:08,061 INFO [temp_piano4_fourpieces_page4]         ScaleBuilder.java:241  | Beam  guessed height: 11 -- 0.50 of 22 interline
2026-01-20 11:57:08,062 INFO [temp_piano4_fourpieces_page4]         ScaleBuilder.java:264  | Beam measured height: 16 -- 0.57 of [8..22] range at 55% of needed quorum
2026-01-20 11:57:08,062 WARN [temp_piano4_fourpieces_page4]         ScaleBuilder.java:293  | No reliable beam height found, guessed value: 11
2026-01-20 11:57:08,062 INFO [temp_piano4_fourpieces_page4]            ScaleStep.java:65   | Scale{ interline(20,22,23) line(3,5,8) beam(11 extra)}
2026-01-20 11:57:08,063 INFO [temp_piano4_fourpieces_page4]       StepMonitoring.java:98   | GRID
2026-01-20 11:57:09,387 INFO [temp_piano4_fourpieces_page4]       LinesRetriever.java:1500 | Global slope: -0.00368
2026-01-20 11:57:09,425 INFO [temp_piano4_fourpieces_page4]    ClustersRetriever.java:328  | Retrieved raw line clusters: 8 of sizes [5] with interline(20,22,23)
2026-01-20 11:57:09,717 INFO [temp_piano4_fourpieces_page4]            PeakGraph.java:310  | Systems: #1[1, 2] #2[3, 4] #3[5, 6] #4[7, 8]
2026-01-20 11:57:10,414 INFO [temp_piano4_fourpieces_page4]        SystemManager.java:134  | Indentation detected for system #1
2026-01-20 11:57:10,414 INFO [temp_piano4_fourpieces_page4]        SystemManager.java:779  | 1 part along 4 systems
2026-01-20 11:57:10,415 INFO [temp_piano4_fourpieces_page4]                 Book.java:545  | Created scores: [{Score 1}]
2026-01-20 11:57:10,415 INFO [temp_piano4_fourpieces_page4]       StepMonitoring.java:98   | HEADERS
2026-01-20 11:57:10,585 INFO [temp_piano4_fourpieces_page4]      BasicClassifier.java:277  | Classifier loaded XML norms.
2026-01-20 11:57:10,587 INFO [temp_piano4_fourpieces_page4]   AbstractClassifier.java:396  | Classifier data loaded from default uri jar:file:/Applications/Audiveris.app/Contents/app/audiveris.jar!/res/basic-classifier.zip
2026-01-20 11:57:11,182 INFO [temp_piano4_fourpieces_page4]       StepMonitoring.java:98   | STEM_SEEDS
2026-01-20 11:57:11,239 INFO [temp_piano4_fourpieces_page4]        StemSeedsStep.java:86   | stem(7 max:8)
2026-01-20 11:57:11,287 INFO [temp_piano4_fourpieces_page4]       StepMonitoring.java:98   | BEAMS
2026-01-20 11:57:13,987 INFO [temp_piano4_fourpieces_page4]       StepMonitoring.java:98   | LEDGERS
2026-01-20 11:57:14,151 INFO [temp_piano4_fourpieces_page4]       StepMonitoring.java:98   | HEADS
2026-01-20 11:57:18,007 INFO [temp_piano4_fourpieces_page4]        HeadSeedTally.java:235  | Scale information: HeadSeeds{NOTEHEAD_VOID[L:0.4,R:0.6] NOTEHEAD_BLACK[L:-0.3,R:-0.6]}
2026-01-20 11:57:18,009 INFO [temp_piano4_fourpieces_page4]       StepMonitoring.java:98   | STEMS
2026-01-20 11:57:18,578 INFO [temp_piano4_fourpieces_page4]       StepMonitoring.java:98   | REDUCTION
2026-01-20 11:57:18,636 INFO [temp_piano4_fourpieces_page4]        ReductionStep.java:105  | Stems free length median value: 79 pixels, 3.6 interlines
2026-01-20 11:57:18,639 INFO [temp_piano4_fourpieces_page4]       StepMonitoring.java:98   | CUE_BEAMS
2026-01-20 11:57:18,639 INFO [temp_piano4_fourpieces_page4]         CueBeamsStep.java:81   | Step CUE_BEAMS is skipped because small heads switch is off
2026-01-20 11:57:18,639 INFO [temp_piano4_fourpieces_page4]       StepMonitoring.java:98   | TEXTS
2026-01-20 11:57:18,759 WARN [temp_piano4_fourpieces_page4]         TesseractOCR.java:335  | The collection of supported languages is empty
2026-01-20 11:57:18,759 INFO [temp_piano4_fourpieces_page4]              OcrUtil.java:106  | Missing support for 'eng' language(s)
2026-01-20 11:57:18,764 INFO [temp_piano4_fourpieces_page4]       StepMonitoring.java:98   | MEASURES
2026-01-20 11:57:18,768 INFO [temp_piano4_fourpieces_page4]                 Page.java:307  | 24 raw measures: [5 in system#1, 6 in system#2, 6 in system#3, 7 in system#4]
2026-01-20 11:57:18,769 INFO [temp_piano4_fourpieces_page4]       StepMonitoring.java:98   | CHORDS
2026-01-20 11:57:18,777 INFO [temp_piano4_fourpieces_page4]       StepMonitoring.java:98   | CURVES
2026-01-20 11:57:20,166 INFO [temp_piano4_fourpieces_page4]         SlursBuilder.java:240  | Slurs: 27
2026-01-20 11:57:20,204 INFO [temp_piano4_fourpieces_page4]      SegmentsBuilder.java:155  | Segments: 24
2026-01-20 11:57:20,212 INFO [temp_piano4_fourpieces_page4]       StepMonitoring.java:98   | SYMBOLS
2026-01-20 11:57:21,132 INFO [temp_piano4_fourpieces_page4]       StepMonitoring.java:98   | LINKS
2026-01-20 11:57:21,171 INFO [temp_piano4_fourpieces_page4]       StepMonitoring.java:98   | RHYTHMS
2026-01-20 11:57:21,183 INFO [temp_piano4_fourpieces_page4]        MeasureRhythm.java:1045 | Measure{#3} No timeOffset for HeadChordInter#4840{(0.942/0.942) staff:2 slot#3 dur:1/8}
2026-01-20 11:57:21,184 INFO [temp_piano4_fourpieces_page4]   AbstractChordInter.java:627  | Measure{#3} No timeOffset for HeadChordInter#4840{(0.942/0.942) staff:2 slot#3 dur:1/8}
2026-01-20 11:57:21,184 INFO [temp_piano4_fourpieces_page4]                Voice.java:257  | Measure{#3} Voice{#5 excess:1/8} too long
2026-01-20 11:57:21,184 INFO [temp_piano4_fourpieces_page4]          StackRhythm.java:224  | S1 MeasureStack#3 no correct rhythm
2026-01-20 11:57:21,194 INFO [temp_piano4_fourpieces_page4]        MeasureRhythm.java:1045 | Measure{#13} No timeOffset for HeadChordInter#4897{(0.939/0.939) staff:6 slot#5 dur:1/4}
2026-01-20 11:57:21,194 INFO [temp_piano4_fourpieces_page4]          StackRhythm.java:224  | S3 MeasureStack#13 no correct rhythm
2026-01-20 11:57:21,200 INFO [temp_piano4_fourpieces_page4]                Voice.java:257  | Measure{#23} Voice{#1 excess:1/8} too long
2026-01-20 11:57:21,200 INFO [temp_piano4_fourpieces_page4]                Voice.java:257  | Measure{#23} Voice{#5 excess:3/8} too long
2026-01-20 11:57:21,200 INFO [temp_piano4_fourpieces_page4]                Voice.java:257  | Measure{#23} Voice{#6 excess:1/8} too long
2026-01-20 11:57:21,201 INFO [temp_piano4_fourpieces_page4]          StackRhythm.java:224  | S4 MeasureStack#23 no correct rhythm
2026-01-20 11:57:21,201 INFO [temp_piano4_fourpieces_page4]       StepMonitoring.java:98   | PAGE
2026-01-20 11:57:21,204 INFO [temp_piano4_fourpieces_page4]                Voice.java:257  | Measure{#3} Voice{#5 excess:1/8} too long
2026-01-20 11:57:21,205 INFO [temp_piano4_fourpieces_page4]                Voice.java:257  | Measure{#23} Voice{#1 excess:1/8} too long
2026-01-20 11:57:21,206 INFO [temp_piano4_fourpieces_page4]                Voice.java:257  | Measure{#23} Voice{#5 excess:3/8} too long
2026-01-20 11:57:21,206 INFO [temp_piano4_fourpieces_page4]                Voice.java:257  | Measure{#23} Voice{#6 excess:1/8} too long
2026-01-20 11:57:21,206 INFO [temp_piano4_fourpieces_page4]                 Book.java:2550 | Book{temp_piano4_fourpieces_page4} storing
2026-01-20 11:57:21,260 INFO [temp_piano4_fourpieces_page4]                 Book.java:2531 | Stored /book.xml
2026-01-20 11:57:21,393 INFO [temp_piano4_fourpieces_page4]           DataHolder.java:348  | Stored /sheet#1/BINARY.png
2026-01-20 11:57:22,095 INFO [temp_piano4_fourpieces_page4]                Sheet.java:1583 | Stored /sheet#1/sheet#1.xml
2026-01-20 11:57:22,095 INFO [temp_piano4_fourpieces_page4]                 Book.java:2491 | Book stored as data/omr_output/piano4_fourpieces_page4/temp_piano4_fourpieces_page4.omr
2026-01-20 11:57:22,097 INFO [temp_piano4_fourpieces_page4]            SheetStub.java:1660 | Disposed sheet
2026-01-20 11:57:22,137 INFO [temp_piano4_fourpieces_page4]                 Book.java:2018 | End of Stub#1 memory: 30,510,456
2026-01-20 11:57:22,137 INFO [temp_piano4_fourpieces_page4]                 Book.java:2025 | Book processed.
2026-01-20 11:57:22,539 INFO [temp_piano4_fourpieces_page4]            SheetStub.java:997  | Loaded /sheet#1/sheet#1.xml
2026-01-20 11:57:22,824 INFO [temp_piano4_fourpieces_page4]      PartwiseBuilder.java:2661 | Exporting sheet(s): [#1]
2026-01-20 11:57:22,882 INFO [temp_piano4_fourpieces_page4]        ScoreExporter.java:164  | Score temp_piano4_fourpieces_page4 exported to data/omr_output/piano4_fourpieces_page4/temp_piano4_fourpieces_page4.mxl
2026-01-20 11:57:22,918 INFO [temp_piano4_fourpieces_page4]                Score.java:181  | Closing {Score 1}
